# JRE version: OpenJDK Runtime Environment Corretto-21.0.4.7.1 (21.0.4+7) (build 21.0.4+7-LTS)
# Java VM: OpenJDK 64-Bit Server VM Corretto-21.0.4.7.1 (21.0.4+7-LTS, mixed mode, emulated-client, tiered, compressed oops, compressed class ptrs, g1 gc, windows-amd64)
GC Precious Log:
 CardTable entry size: 512
 Card Set container configuration: InlinePtr #cards 4 size 8 Array Of Cards #cards 32 size 80 Howl #buckets 8 coarsen threshold 7372 Howl Bitmap #cards 1024 size 144 coarsen threshold 921 Card regions per heap region 1 cards per card region 8192
 CPUs: 12 total, 12 available
 Memory: 32701M
 Large Page Support: Disabled
 NUMA Support: Disabled
 Compressed Oops: Enabled (Zero based)
 Heap Region Size: 4M
 Heap Min Capacity: 8M
 Heap Initial Capacity: 512M
 Heap Max Capacity: 8176M
 Pre-touch: Disabled
 Parallel Workers: 10
 Concurrent Workers: 3
 Concurrent Refinement Workers: 10
 Periodic GC: Disabled
Heap:
 garbage-first heap   total 98304K, used 43300K [0x0000000601000000, 0x0000000800000000)
  region size 4096K, 4 young (16384K), 0 survivors (0K)
 Metaspace       used 80300K, committed 81024K, reserved 1179648K
  class space    used 9803K, committed 10112K, reserved 1048576K
GC Heap History (20 events):
Event: 10.364 GC heap before
{Heap before GC invocations=1 (full 0):
 garbage-first heap   total 524288K, used 21080K [0x0000000601000000, 0x0000000800000000)
  region size 4096K, 5 young (20480K), 1 survivors (4096K)
 Metaspace       used 21205K, committed 21504K, reserved 1114112K
  class space    used 2216K, committed 2368K, reserved 1048576K
}
Event: 10.367 GC heap after
{Heap after GC invocations=2 (full 0):
 garbage-first heap   total 524288K, used 10216K [0x0000000601000000, 0x0000000800000000)
  region size 4096K, 1 young (4096K), 1 survivors (4096K)
 Metaspace       used 21205K, committed 21504K, reserved 1114112K
  class space    used 2216K, committed 2368K, reserved 1048576K
}
Event: 10.842 GC heap before
{Heap before GC invocations=3 (full 0):
 garbage-first heap   total 57344K, used 38888K [0x0000000601000000, 0x0000000800000000)
  region size 4096K, 8 young (32768K), 1 survivors (4096K)
 Metaspace       used 27752K, committed 28096K, reserved 1114112K
  class space    used 3065K, committed 3200K, reserved 1048576K
}
Event: 10.845 GC heap after
{Heap after GC invocations=4 (full 0):
 garbage-first heap   total 57344K, used 12425K [0x0000000601000000, 0x0000000800000000)
  region size 4096K, 1 young (4096K), 1 survivors (4096K)
 Metaspace       used 27752K, committed 28096K, reserved 1114112K
  class space    used 3065K, committed 3200K, reserved 1048576K
}
Event: 11.137 GC heap before
{Heap before GC invocations=4 (full 0):
 garbage-first heap   total 57344K, used 32905K [0x0000000601000000, 0x0000000800000000)
  region size 4096K, 6 young (24576K), 1 survivors (4096K)
 Metaspace       used 31352K, committed 31744K, reserved 1114112K
  class space    used 3591K, committed 3776K, reserved 1048576K
}
Event: 11.141 GC heap after
{Heap after GC invocations=5 (full 0):
 garbage-first heap   total 57344K, used 13805K [0x0000000601000000, 0x0000000800000000)
  region size 4096K, 1 young (4096K), 1 survivors (4096K)
 Metaspace       used 31352K, committed 31744K, reserved 1114112K
  class space    used 3591K, committed 3776K, reserved 1048576K
}
Event: 11.495 GC heap before
{Heap before GC invocations=5 (full 0):
 garbage-first heap   total 57344K, used 38381K [0x0000000601000000, 0x0000000800000000)
  region size 4096K, 7 young (28672K), 1 survivors (4096K)
 Metaspace       used 33673K, committed 34112K, reserved 1114112K
  class space    used 3880K, committed 4096K, reserved 1048576K
}
Event: 11.498 GC heap after
{Heap after GC invocations=6 (full 0):
 garbage-first heap   total 57344K, used 15134K [0x0000000601000000, 0x0000000800000000)
  region size 4096K, 1 young (4096K), 1 survivors (4096K)
 Metaspace       used 33673K, committed 34112K, reserved 1114112K
  class space    used 3880K, committed 4096K, reserved 1048576K
}
Event: 11.739 GC heap before
{Heap before GC invocations=6 (full 0):
 garbage-first heap   total 57344K, used 27422K [0x0000000601000000, 0x0000000800000000)
  region size 4096K, 5 young (20480K), 1 survivors (4096K)
 Metaspace       used 35580K, committed 35968K, reserved 1114112K
  class space    used 4113K, committed 4288K, reserved 1048576K
}
Event: 11.745 GC heap after
{Heap after GC invocations=7 (full 0):
 garbage-first heap   total 57344K, used 15839K [0x0000000601000000, 0x0000000800000000)
  region size 4096K, 1 young (4096K), 1 survivors (4096K)
 Metaspace       used 35580K, committed 35968K, reserved 1114112K
  class space    used 4113K, committed 4288K, reserved 1048576K
}
Event: 12.409 GC heap before
{Heap before GC invocations=8 (full 0):
 garbage-first heap   total 57344K, used 40415K [0x0000000601000000, 0x0000000800000000)
  region size 4096K, 7 young (28672K), 1 survivors (4096K)
 Metaspace       used 39263K, committed 39680K, reserved 1114112K
  class space    used 4746K, committed 4928K, reserved 1048576K
}
Event: 12.417 GC heap after
{Heap after GC invocations=9 (full 0):
 garbage-first heap   total 57344K, used 17782K [0x0000000601000000, 0x0000000800000000)
  region size 4096K, 1 young (4096K), 1 survivors (4096K)
 Metaspace       used 39263K, committed 39680K, reserved 1114112K
  class space    used 4746K, committed 4928K, reserved 1048576K
}
Event: 13.009 GC heap before
{Heap before GC invocations=9 (full 0):
 garbage-first heap   total 57344K, used 42358K [0x0000000601000000, 0x0000000800000000)
  region size 4096K, 7 young (28672K), 1 survivors (4096K)
 Metaspace       used 43747K, committed 44288K, reserved 1114112K
  class space    used 5440K, committed 5696K, reserved 1048576K
}
Event: 13.017 GC heap after
{Heap after GC invocations=10 (full 0):
 garbage-first heap   total 290816K, used 19916K [0x0000000601000000, 0x0000000800000000)
  region size 4096K, 1 young (4096K), 1 survivors (4096K)
 Metaspace       used 43747K, committed 44288K, reserved 1114112K
  class space    used 5440K, committed 5696K, reserved 1048576K
}
Event: 25.530 GC heap before
{Heap before GC invocations=10 (full 0):
 garbage-first heap   total 290816K, used 110028K [0x0000000601000000, 0x0000000800000000)
  region size 4096K, 24 young (98304K), 1 survivors (4096K)
 Metaspace       used 59490K, committed 60096K, reserved 1114112K
  class space    used 7525K, committed 7808K, reserved 1048576K
}
Event: 25.539 GC heap after
{Heap after GC invocations=11 (full 0):
 garbage-first heap   total 290816K, used 27728K [0x0000000601000000, 0x0000000800000000)
  region size 4096K, 3 young (12288K), 3 survivors (12288K)
 Metaspace       used 59490K, committed 60096K, reserved 1114112K
  class space    used 7525K, committed 7808K, reserved 1048576K
}
Event: 30.190 GC heap before
{Heap before GC invocations=12 (full 0):
 garbage-first heap   total 98304K, used 72784K [0x0000000601000000, 0x0000000800000000)
  region size 4096K, 14 young (57344K), 3 survivors (12288K)
 Metaspace       used 70785K, committed 71424K, reserved 1114112K
  class space    used 8712K, committed 9024K, reserved 1048576K
}
Event: 30.198 GC heap after
{Heap after GC invocations=13 (full 0):
 garbage-first heap   total 98304K, used 32098K [0x0000000601000000, 0x0000000800000000)
  region size 4096K, 2 young (8192K), 2 survivors (8192K)
 Metaspace       used 70785K, committed 71424K, reserved 1114112K
  class space    used 8712K, committed 9024K, reserved 1048576K
}
Event: 307.137 GC heap before
{Heap before GC invocations=13 (full 0):
 garbage-first heap   total 98304K, used 56674K [0x0000000601000000, 0x0000000800000000)
  region size 4096K, 9 young (36864K), 2 survivors (8192K)
 Metaspace       used 80021K, committed 80704K, reserved 1179648K
  class space    used 9744K, committed 10048K, reserved 1048576K
}
Event: 307.217 GC heap after
{Heap after GC invocations=14 (full 1):
 garbage-first heap   total 98304K, used 31012K [0x0000000601000000, 0x0000000800000000)
  region size 4096K, 0 young (0K), 0 survivors (0K)
 Metaspace       used 80021K, committed 80704K, reserved 1179648K
  class space    used 9744K, committed 10048K, reserved 1048576K
}

